<?xml version="1.0" encoding="UTF-8"?>
<!-- Generated by org.testng.reporters.JUnitReportReporter -->
<testsuite hostname="LAPTOP-HSKJMANR" failures="0" tests="2" name="com.qacart.todo.testcases.todoTest" time="97.955" errors="0" timestamp="2022-11-17T14:43:11 EET" skipped="0">
  <testcase classname="com.qacart.todo.testcases.todoTest" name="shouldbeabletodeletetodo" time="50.597"/>
  <system-out/>
  <testcase classname="com.qacart.todo.testcases.todoTest" name="shouldbeabletoaddnewTodo" time="47.358"/>
  <system-out/>
</testsuite> <!-- com.qacart.todo.testcases.todoTest -->
