<?xml version="1.0" encoding="UTF-8"?>
<!-- Generated by org.testng.reporters.JUnitReportReporter -->
<testsuite hostname="LAPTOP-HSKJMANR" failures="0" tests="2" name="com.qacart.todo.testcases.todoTest" time="121.892" errors="0" timestamp="2022-11-16T15:01:10 EET" skipped="0">
  <testcase classname="com.qacart.todo.testcases.todoTest" name="shouldbeabletodeletetodo" time="59.596"/>
  <system-out/>
  <testcase classname="com.qacart.todo.testcases.todoTest" name="shouldbeabletoaddnewTodo" time="62.296"/>
  <system-out/>
</testsuite> <!-- com.qacart.todo.testcases.todoTest -->
