<?xml version="1.0" encoding="UTF-8"?>
<!-- Generated by org.testng.reporters.JUnitReportReporter -->
<testsuite hostname="LAPTOP-HSKJMANR" failures="0" tests="1" name="com.qacart.todo.testcases.loginTest" time="40.897" errors="0" timestamp="2022-11-17T14:43:11 EET" skipped="0">
  <testcase classname="com.qacart.todo.testcases.loginTest" name="shouldbeabletologinwithemailandpassword" time="40.897"/>
  <system-out/>
</testsuite> <!-- com.qacart.todo.testcases.loginTest -->
